<?xml version="1.0" encoding="UTF-8"?>
<testsuite xmlns:xsi="http://www.w3.org/2001/XMLSchema-instance" xsi:noNamespaceSchemaLocation="https://maven.apache.org/surefire/maven-surefire-plugin/xsd/surefire-test-report-3.0.xsd" version="3.0" name="com.buptjjn.test.iocTest.SpringIocTest" time="0.005" tests="0" errors="0" skipped="0" failures="0">
  <properties>
    <property name="sun.desktop" value="windows"/>
    <property name="awt.toolkit" value="sun.awt.windows.WToolkit"/>
    <property name="file.encoding.pkg" value="sun.io"/>
    <property name="java.specification.version" value="1.8"/>
    <property name="sun.cpu.isalist" value="amd64"/>
    <property name="sun.jnu.encoding" value="GBK"/>
    <property name="java.class.path" value="E:\GitHub\dailyStudyNote\Java学习\Spring-ioc-xml\spring-ioc-xml-par\spring-ioc-xml-01\target\test-classes;E:\GitHub\dailyStudyNote\Java学习\Spring-ioc-xml\spring-ioc-xml-par\spring-ioc-xml-01\target\classes;C:\Users\hp-pc\.m2\repository\org\springframework\spring-context\4.3.30.RELEASE\spring-context-4.3.30.RELEASE.jar;C:\Users\hp-pc\.m2\repository\org\springframework\spring-aop\4.3.30.RELEASE\spring-aop-4.3.30.RELEASE.jar;C:\Users\hp-pc\.m2\repository\org\springframework\spring-beans\4.3.30.RELEASE\spring-beans-4.3.30.RELEASE.jar;C:\Users\hp-pc\.m2\repository\org\springframework\spring-core\4.3.30.RELEASE\spring-core-4.3.30.RELEASE.jar;C:\Users\hp-pc\.m2\repository\commons-logging\commons-logging\1.2\commons-logging-1.2.jar;C:\Users\hp-pc\.m2\repository\org\springframework\spring-expression\4.3.30.RELEASE\spring-expression-4.3.30.RELEASE.jar;"/>
    <property name="java.vm.vendor" value="Oracle Corporation"/>
    <property name="sun.arch.data.model" value="64"/>
    <property name="user.variant" value=""/>
    <property name="java.vendor.url" value="http://java.oracle.com/"/>
    <property name="user.timezone" value="Asia/Shanghai"/>
    <property name="java.vm.specification.version" value="1.8"/>
    <property name="os.name" value="Windows 10"/>
    <property name="user.country" value="CN"/>
    <property name="sun.java.launcher" value="SUN_STANDARD"/>
    <property name="sun.boot.library.path" value="D:\Java\jdk-1.8\jre\bin"/>
    <property name="sun.java.command" value="C:\Users\hp-pc\AppData\Local\Temp\surefire534485510785385995\surefirebooter-20240604153959676_3.jar C:\Users\hp-pc\AppData\Local\Temp\surefire534485510785385995 2024-06-04T15-39-38_211-jvmRun1 surefire-20240604153959676_1tmp surefire_0-20240604153959676_2tmp"/>
    <property name="surefire.test.class.path" value="E:\GitHub\dailyStudyNote\Java学习\Spring-ioc-xml\spring-ioc-xml-par\spring-ioc-xml-01\target\test-classes;E:\GitHub\dailyStudyNote\Java学习\Spring-ioc-xml\spring-ioc-xml-par\spring-ioc-xml-01\target\classes;C:\Users\hp-pc\.m2\repository\org\springframework\spring-context\4.3.30.RELEASE\spring-context-4.3.30.RELEASE.jar;C:\Users\hp-pc\.m2\repository\org\springframework\spring-aop\4.3.30.RELEASE\spring-aop-4.3.30.RELEASE.jar;C:\Users\hp-pc\.m2\repository\org\springframework\spring-beans\4.3.30.RELEASE\spring-beans-4.3.30.RELEASE.jar;C:\Users\hp-pc\.m2\repository\org\springframework\spring-core\4.3.30.RELEASE\spring-core-4.3.30.RELEASE.jar;C:\Users\hp-pc\.m2\repository\commons-logging\commons-logging\1.2\commons-logging-1.2.jar;C:\Users\hp-pc\.m2\repository\org\springframework\spring-expression\4.3.30.RELEASE\spring-expression-4.3.30.RELEASE.jar;"/>
    <property name="sun.cpu.endian" value="little"/>
    <property name="user.home" value="C:\Users\hp-pc"/>
    <property name="user.language" value="zh"/>
    <property name="java.specification.vendor" value="Oracle Corporation"/>
    <property name="java.home" value="D:\Java\jdk-1.8\jre"/>
    <property name="basedir" value="E:\GitHub\dailyStudyNote\Java学习\Spring-ioc-xml\spring-ioc-xml-par\spring-ioc-xml-01"/>
    <property name="file.separator" value="\"/>
    <property name="line.separator" value="&#10;"/>
    <property name="java.vm.specification.vendor" value="Oracle Corporation"/>
    <property name="java.specification.name" value="Java Platform API Specification"/>
    <property name="java.awt.graphicsenv" value="sun.awt.Win32GraphicsEnvironment"/>
    <property name="surefire.real.class.path" value="C:\Users\hp-pc\AppData\Local\Temp\surefire534485510785385995\surefirebooter-20240604153959676_3.jar"/>
    <property name="sun.boot.class.path" value="D:\Java\jdk-1.8\jre\lib\resources.jar;D:\Java\jdk-1.8\jre\lib\rt.jar;D:\Java\jdk-1.8\jre\lib\jsse.jar;D:\Java\jdk-1.8\jre\lib\jce.jar;D:\Java\jdk-1.8\jre\lib\charsets.jar;D:\Java\jdk-1.8\jre\lib\jfr.jar;D:\Java\jdk-1.8\jre\classes"/>
    <property name="user.script" value=""/>
    <property name="sun.management.compiler" value="HotSpot 64-Bit Tiered Compilers"/>
    <property name="java.runtime.version" value="1.8.0_401-b10"/>
    <property name="user.name" value="hp-pc"/>
    <property name="path.separator" value=";"/>
    <property name="os.version" value="10.0"/>
    <property name="java.endorsed.dirs" value="D:\Java\jdk-1.8\jre\lib\endorsed"/>
    <property name="java.runtime.name" value="Java(TM) SE Runtime Environment"/>
    <property name="file.encoding" value="GBK"/>
    <property name="java.vm.name" value="Java HotSpot(TM) 64-Bit Server VM"/>
    <property name="localRepository" value="C:\Users\hp-pc\.m2\repository"/>
    <property name="java.vendor.url.bug" value="http://bugreport.sun.com/bugreport/"/>
    <property name="java.io.tmpdir" value="C:\Users\hp-pc\AppData\Local\Temp\"/>
    <property name="idea.version" value="2024.1.1"/>
    <property name="java.version" value="1.8.0_401"/>
    <property name="user.dir" value="E:\GitHub\dailyStudyNote\Java学习\Spring-ioc-xml\spring-ioc-xml-par\spring-ioc-xml-01"/>
    <property name="os.arch" value="amd64"/>
    <property name="java.vm.specification.name" value="Java Virtual Machine Specification"/>
    <property name="java.awt.printerjob" value="sun.awt.windows.WPrinterJob"/>
    <property name="sun.os.patch.level" value=""/>
    <property name="java.library.path" value="D:\Java\jdk-1.8\jre\bin;C:\Windows\Sun\Java\bin;C:\Windows\system32;C:\Windows;C:\Windows\system32;C:\Windows;C:\Windows\System32\Wbem;C:\Windows\System32\WindowsPowerShell\v1.0\;C:\Windows\System32\OpenSSH\;D:\Git\cmd;D:\Go\bin;D:\MinGW\bin;C:\Users\hp-pc\AppData\Local\Programs\Python\Python310;D:\NetSarang\;D:\NetSarang\xftp\;E:\protoc-21.7-win64\bin;C:\Program Files\OpenSSL-Win64\bin;C:\Users\hp-pc\sdk\go1.13.8\bin;C:\Program Files\MySQL\MySQL Server 8.0\bin;C:\Program Files\Graphviz\bin;C:\Program Files\PowerShell\7\;D:\nvm;D:\nvm\nodejs;C:\Program Files\CMake\bin;C:\Program Files\starship\bin\;D:\Java\jdk-1.8\bin;D:\Java\jdk-1.8\lib;D:\Java\jdk-1.8\jre\bin;D:\Java\jdk-1.8\lib\tools.jar;%MAVEN_HOME%\bin;C:\Users\hp-pc\scoop\shims;C:\Program Files\MySQL\MySQL Shell 8.0\bin\;C:\Users\hp-pc\AppData\Local\Microsoft\WindowsApps;C:\Users\hp-pc\AppData\Local\Programs\Microsoft VS Code\bin;C:\Users\hp-pc\AppData\Local\GitHubDesktop\bin;C:\Users\hp-pc\go\bin;D:\Go\bin;D:\GoWork;D:\GoLand 2022.2.3\bin;;D:\CLion 2022.2.3\bin;;D:\MinGW\bin;C:\Users\hp-pc\sdk\go1.13.8\bin;C:\Program Files\MySQL\MySQL Server 8.0\bin;C:\Program Files\Graphviz\bin;D:\nvm;D:\nvm\nodejs;D:\IntelliJ IDEA 2024.1.1\bin;;."/>
    <property name="java.vm.info" value="mixed mode"/>
    <property name="java.vendor" value="Oracle Corporation"/>
    <property name="java.vm.version" value="25.401-b10"/>
    <property name="java.specification.maintenance.version" value="5"/>
    <property name="java.ext.dirs" value="D:\Java\jdk-1.8\jre\lib\ext;C:\Windows\Sun\Java\lib\ext"/>
    <property name="sun.io.unicode.encoding" value="UnicodeLittle"/>
    <property name="java.class.version" value="52.0"/>
  </properties>
</testsuite>